Arguments: 
  /usr/local/bin/node /Users/robinson.demetrious/.yarn/bin/yarn.js init

PATH: 
  /Users/robinson.demetrious/.sdkman/candidates/java/current/bin:/usr/local/opt/openssl@3/bin:/usr/local/opt/cython/bin:/Users/robinson.demetrious/Library/Python/3.8/bin:/Users/robinson.demetrious/.yarn/bin:/Users/robinson.demetrious/.config/yarn/global/node_modules/.bin:/opt/local/bin:/opt/local/sbin:/usr/local/bin:/usr/bin:/bin:/usr/sbin:/sbin

Yarn version: 
  1.22.18

Node version: 
  16.13.0

Platform: 
  darwin x64

Trace: 
  Error: canceled
      at Interface.<anonymous> (/Users/robinson.demetrious/.yarn/lib/cli.js:137143:13)
      at Interface.emit (node:events:390:28)
      at Interface._ttyWrite (node:readline:1081:16)
      at ReadStream.onkeypress (node:readline:288:10)
      at ReadStream.emit (node:events:390:28)
      at emitKeys (node:internal/readline/utils:358:14)
      at emitKeys.next (<anonymous>)
      at ReadStream.onData (node:internal/readline/emitKeypressEvents:61:36)
      at ReadStream.emit (node:events:390:28)
      at addChunk (node:internal/streams/readable:315:12)

npm manifest: 
  No manifest

yarn manifest: 
  No manifest

Lockfile: 
  No lockfile
